"blank"         "=========================="
"blank"         "#Valve_Movement_Title"
"blank"         "=========================="
"+forward"          "#Valve_Move_Forward"
"+back"             "#Valve_Move_Back"
"+moveleft"         "#Valve_Move_Left"
"+moveright"        "#Valve_Move_Right"
"+speed"            "#L4D_Walk"
"+jump"             "#Valve_Jump"
"+duck"             "#Valve_Duck"
"blank"         "=========================="
"blank"         "#Cstrike_Combat_Title"
"blank"         "=========================="
"+attack"           "#Cstrike_Fire"
"+attack2"          "#L4D_melee_ability"
"+zoom"             "#L4D_zoom"
"+reload"           "#Valve_Reload_Weapon"
"invprev"           "#Valve_Previous_Weapon"
"invnext"           "#Valve_Next_Weapon"
"lastinv"           "#Valve_Last_Weapon_Used"
"blank"         "=========================="
"blank"         "#Valve_Communication_Title"
"blank"         "=========================="
"+voicerecord"      "#Valve_Use_Voice_Communication"
"Vote Yes"          "#L4D_vote_yes"
"Vote No"           "#L4D_vote_no"
"messagemode"       "#Valve_Chat_Message"
"messagemode2"      "#Valve_Team_Message"
"blank"         "=========================="
"blank"         "#Cstrike_Menu_Title"
"blank"         "=========================="
"chooseteam"        "#Cstrike_Select_Team"
"+showscores"       "#Valve_Display_Scores"
"slot1"             "#L4D360UI_Controller_Primary"
"slot2"             "#L4D360UI_Controller_Secondary"
"slot3"             "#L4D360UI_Controller_Grenade"
"slot4"             "#L4D360UI_Controller_Healthpack"
"slot5"             "#L4D360UI_Controller_Pills"
"motd"              "#L4D_MOTD"
"blank"         "=========================="
"blank"         "#Valve_Miscellaneous_Title"
"blank"         "=========================="
"+use"              "#Valve_Use_Items"
"impulse 100"       "#Valve_Flashlight"
"impulse 201"       "#Valve_Spray_Logo"
"jpeg"              "#Valve_Take_Screen_Shot"
"quit"              "#Valve_Quit_Game"
"blank"         "=========================="
"blank"         "SELECT YOUR SKINS (SYS)"
"blank"         "=========================="
"incrementvar cl_buy_favorite_quiet 0 1 1;sc_enable 0;sc_enable2 0;"	"Switch between SYS/RNG"
"incrementvar cl_buy_favorite_nowarn 0 1000000000 1"			"Reroll RNG"
"incrementvar budget_background_alpha 0 1000000000 1;"			"Slot 1 (Zoey)"
"incrementvar budget_bargraph_background_alpha 0 1000000000 1;"		"Slot 2 (Zoey Extras)"
"incrementvar budget_panel_height 0 1000000000 1;"			"Slot 3 (Rochelle)"
"incrementvar budget_panel_width 0 1000000000 1;"			"Slot 4 (Rochelle Extras)"
"incrementvar budget_panel_x 0 1000000000 1;"				"Slot 5 (Bill)"
"incrementvar budget_panel_y 0 1000000000 1;"				"Slot 6 (Francis)"
"incrementvar budget_show_history 0 1000000000 1;"			"Slot 7 (Louis)"
"incrementvar budget_show_peaks 0 1000000000 1;"			"Slot 8 (Coach)"
"incrementvar hud_classautokill 0 1000000000 1;"			"Slot 9 (Nick)"
"incrementvar sc_pitch_sensitivity 0 1000000000 1;"				"Slot 10 (Ellis)"
"incrementvar sc_pitch_sensitivity2 0 1000000000 1;"				"Slot 11 (Survivors Extras 1)"
"incrementvar sc_yaw_sensitivity 0 1000000000 1;"		"Slot 12 (Survivors Extras 2)"
"incrementvar sc_yaw_sensitivity2 0 1000000000 1;"			"Slot 13"
"incrementvar sc_mouse_sensitivity 0 1000000000 1;"			"Slot 14"
"incrementvar sc_mouse_sensitivity2 0 1000000000 1;"			"Slot 15"
"incrementvar sc_debug_sets 0 1000000000 1;"				"Slot 16"
"incrementvar npc_height_adjust 0 1000000000 1;"			"Slot 17"
"incrementvar overview_alpha 0 1000000000 1;"				"Slot 18"
"incrementvar overview_health 0 1000000000 1;"				"Slot 19"
"incrementvar overview_locked 0 1000000000 1;"				"Slot 20"
"incrementvar overview_names 0 1000000000 1;"				"Slot 21"
"incrementvar overview_tracks 0 1000000000 1;"				"Slot 22"
"incrementvar texture_budget_background_alpha 0 1000000000 1;"		"Slot 23"
"incrementvar vprof_verbose 0 1000000000 1;"				"Slot 24"
"incrementvar texture_budget_panel_height 0 1000000000 1;"		"Slot 25"
"incrementvar texture_budget_panel_width 0 1000000000 1;"		"Slot 26"
"incrementvar texture_budget_panel_x 0 1000000000 1;"			"Slot 27"
"incrementvar texture_budget_panel_y 0 1000000000 1;"			"Slot 28"
"incrementvar vprof_graphwidth 0 1000000000 1;"				"Slot 29"
"incrementvar vprof_graphheight 0 1000000000 1;"			"Slot 30"
"blank"         "=========================="
"incrementvar budget_background_alpha 0 1000000000 .01001;"		"Slot 1 Max Priority (Zoey)"
"incrementvar budget_bargraph_background_alpha  0 1000000000 .01001;"	"Slot 2 Max Priority (Zoey Extras)"
"incrementvar budget_panel_height 0 1000000000 .01001;"			"Slot 3 Max Priority (Rochelle)"
"incrementvar budget_panel_width 0 1000000000 .01001;"			"Slot 4 Max Priority (Rochelle Extras)"
"incrementvar budget_panel_x 0 1000000000 .01001;"			"Slot 5 Max Priority (Bill)"
"incrementvar budget_panel_y 0 1000000000 .01001;"			"Slot 6 Max Priority (Francis)"
"incrementvar budget_show_history 0 1000000000 .01001;"			"Slot 7 Max Priority (Louis)"
"incrementvar budget_show_peaks 0 1000000000 .01001;"			"Slot 8 Max Priority (Coach)"
"incrementvar hud_classautokill 0 1000000000 .01001;"			"Slot 9 Max Priority (Nick)"
"incrementvar sc_pitch_sensitivity 0 1000000000 .01001;"		"Slot 10 Max Priority (Ellis)"
"incrementvar sc_pitch_sensitivity2 0 1000000000 .01001;"		"Slot 11 Max Priority (Survivors Extras 1)"
"incrementvar sc_yaw_sensitivity 0 1000000000 .01001;"			"Slot 12 Max Priority (Survivors Extras 2)"
"incrementvar sc_yaw_sensitivity2 0 1000000000 .01001;"			"Slot 13 Max Priority"
"incrementvar sc_mouse_sensitivity 0 1000000000 .01001;"		"Slot 14 Max Priority"
"incrementvar sc_mouse_sensitivity2 0 1000000000 .01001;"		"Slot 15 Max Priority"
"incrementvar sc_debug_sets 0 1000000000 .01001;"			"Slot 16 Max Priority"
"incrementvar npc_height_adjust 0 1000000000 .01001;"			"Slot 17 Max Priority"
"incrementvar overview_alpha 0 1000000000 .01001;"			"Slot 18 Max Priority"
"incrementvar overview_health 0 1000000000 .01001;"			"Slot 19 Max Priority"
"incrementvar overview_locked 0 1000000000 .01001;"			"Slot 20 Max Priority"
"incrementvar overview_names 0 1000000000 .01001;"			"Slot 21 Max Priority"
"incrementvar overview_tracks 0 1000000000 .01001;"			"Slot 22 Max Priority"
"incrementvar texture_budget_background_alpha 0 1000000000 .01001;"	"Slot 23 Max Priority"
"incrementvar vprof_verbose 0 1000000000 .01001;"			"Slot 24 Max Priority"
"incrementvar texture_budget_panel_height 0 1000000000 .01001;"		"Slot 25 Max Priority"
"incrementvar texture_budget_panel_width 0 1000000000 .01001;"		"Slot 26 Max Priority"
"incrementvar texture_budget_panel_x 0 1000000000 .01001;"		"Slot 27 Max Priority"
"incrementvar texture_budget_panel_y 0 1000000000 .01001;"		"Slot 28 Max Priority"
"incrementvar vprof_graphwidth 0 1000000000 .01001;"			"Slot 29 Max Priority"
"incrementvar vprof_graphheight 0 1000000000 .01001;"			"Slot 30 Max Priority"
"blank"         "=========================="
"cl_buy_favorite_quiet 0;cl_buy_favorite_nowarn 0;budget_background_alpha 128;budget_bargraph_background_alpha 128;budget_panel_height 384;budget_panel_width 512;budget_panel_x 0;budget_panel_y 50;budget_show_history 1;budget_show_peaks 1;" "Full Reset SYS 1/3"
"sc_pitch_sensitivity .9;sc_pitch_sensitivity2 .9;sc_yaw_sensitivity 1;sc_yaw_sensitivity2 1;sc_mouse_sensitivity 0.1; sc_mouse_sensitivity2 0.1;sc_debug_sets 0;npc_height_adjust 1; overview_alpha 1; overview_health 1;overview_locked 1;overview_names 1;" "Full Reset SYS 2/3"
"texture_budget_background_alpha 128;texture_budget_panel_height 284;texture_budget_panel_width 512;texture_budget_panel_x 0;texture_budget_panel_y 450;vprof_graphheight 256;vprof_graphwidth 512;vprof_verbose 1;hud_classautokill 1;overview_tracks 1;" "Full Reset SYS 3/3"
"blank"         "=========================="
"blank"         "ION'S VOCALIZER"
"blank"         "=========================="
"+mouse_menu Characters"	"Character selection"
"+mouse_menu Orders"		"Orders"
"+mouse_menu QA"		"Questions and answers"
"+mouse_menu Reactions"		"Reactions"
"+mouse_menu Enemies"		"Enemies"
"+mouse_menu Warnings"		"Warnings"
"+mouse_menu Events"		"Events"
"+mouse_menu Misc"		"Miscellaneous 1"
"+mouse_menu Misc2"		"Miscellaneous 2"
"+mouse_menu Misc3"		"Miscellaneous 3"
"+ch1; alias -ch1 -mouse_menu"	"Character-specific 1"
"+ch2; alias -ch2 -mouse_menu"	"Character-specific 2"
"+ch3; alias -ch3 -mouse_menu"	"Character-specific 3"
"+ch4; alias -ch4 -mouse_menu"	"Character-specific 4"
"+ch5; alias -ch5 -mouse_menu"	"Character-specific 5"
"+ch6; alias -ch6 -mouse_menu"	"Character-specific 6"
"+ch7; alias -ch7 -mouse_menu"	"Character-specific 7"
"+ch8; alias -ch8 -mouse_menu"	"Character-specific 8 (limited use)"
"+ch9; alias -ch9 -mouse_menu"	"Character-specific 9 (limited use)"
"+mouse_menu Misc4"		"Miscellaneous 4 (limited use)"
"+mouse_menu Misc5"		"Miscellaneous 5 (limited use)"
"+mouse_menu NPC"		"NPCs (limited use)"


